The system is: Windows - 10.0.19041 - AMD64
Compiling the C compiler identification source file "CMakeCCompilerId.c" succeeded.
Compiler: C:/Program Files (x86)/Intel/oneAPI/compiler/latest/windows/bin/clang.exe 
Build flags: 
Id flags:  

The output was:
0


Compilation of the C compiler identification source "CMakeCCompilerId.c" produced "a.exe"

The C compiler identification is Clang, found in "C:/Users/samue/Desktop/GamesDevelopment/Projects/Noble/ibuild/CMakeFiles/3.18.3/CompilerIdC/a.exe"

Compiling the CXX compiler identification source file "CMakeCXXCompilerId.cpp" succeeded.
Compiler: C:/Program Files (x86)/Intel/oneAPI/compiler/latest/windows/bin/clang++.exe 
Build flags: 
Id flags:  

The output was:
0


Compilation of the CXX compiler identification source "CMakeCXXCompilerId.cpp" produced "a.exe"

The CXX compiler identification is Clang, found in "C:/Users/samue/Desktop/GamesDevelopment/Projects/Noble/ibuild/CMakeFiles/3.18.3/CompilerIdCXX/a.exe"

Detecting C compiler ABI info compiled with the following output:
Change Dir: C:/Users/samue/Desktop/GamesDevelopment/Projects/Noble/ibuild/CMakeFiles/CMakeTmp

Run Build Command(s):nmake /nologo cmTC_42877\fast && 	"C:\Program Files (x86)\Microsoft Visual Studio\2019\Community\VC\Tools\MSVC\14.24.28314\bin\HostX64\x64\nmake.exe"  -f CMakeFiles\cmTC_42877.dir\build.make /nologo -L                  CMakeFiles\cmTC_42877.dir\build
Building C object CMakeFiles/cmTC_42877.dir/CMakeCCompilerABI.c.obj
	C:\PROGRA~2\Intel\oneAPI\compiler\latest\windows\bin\clang.exe   -g -Xclang -gcodeview -O0 -D_DEBUG -D_DLL -D_MT -Xclang --dependent-lib=msvcrtd -o CMakeFiles\cmTC_42877.dir\CMakeCCompilerABI.c.obj -c C:\SDKs\cmake-3.18.3-win64-x64\share\cmake-3.18\Modules\CMakeCCompilerABI.c
Linking C executable cmTC_42877.exe
	C:\PROGRA~2\Intel\oneAPI\compiler\latest\windows\bin\clang.exe -fuse-ld=lld-link -nostartfiles -nostdlib -g -Xclang -gcodeview -O0 -D_DEBUG -D_DLL -D_MT -Xclang --dependent-lib=msvcrtd @CMakeFiles\cmTC_42877.dir\objects1.rsp -o cmTC_42877.exe -Xlinker /implib:cmTC_42877.lib -Xlinker /pdb:C:\Users\samue\Desktop\GamesDevelopment\Projects\Noble\ibuild\CMakeFiles\CMakeTmp\cmTC_42877.pdb -Xlinker /version:0.0



Detecting CXX compiler ABI info compiled with the following output:
Change Dir: C:/Users/samue/Desktop/GamesDevelopment/Projects/Noble/ibuild/CMakeFiles/CMakeTmp

Run Build Command(s):nmake /nologo cmTC_ea2d8\fast && 	"C:\Program Files (x86)\Microsoft Visual Studio\2019\Community\VC\Tools\MSVC\14.24.28314\bin\HostX64\x64\nmake.exe"  -f CMakeFiles\cmTC_ea2d8.dir\build.make /nologo -L                  CMakeFiles\cmTC_ea2d8.dir\build
Building CXX object CMakeFiles/cmTC_ea2d8.dir/CMakeCXXCompilerABI.cpp.obj
	C:\PROGRA~2\Intel\oneAPI\compiler\latest\windows\bin\CLANG_~1.EXE   -g -Xclang -gcodeview -O0 -D_DEBUG -D_DLL -D_MT -Xclang --dependent-lib=msvcrtd -o CMakeFiles\cmTC_ea2d8.dir\CMakeCXXCompilerABI.cpp.obj -c C:\SDKs\cmake-3.18.3-win64-x64\share\cmake-3.18\Modules\CMakeCXXCompilerABI.cpp
Linking CXX executable cmTC_ea2d8.exe
	C:\PROGRA~2\Intel\oneAPI\compiler\latest\windows\bin\CLANG_~1.EXE -fuse-ld=lld-link -nostartfiles -nostdlib -g -Xclang -gcodeview -O0 -D_DEBUG -D_DLL -D_MT -Xclang --dependent-lib=msvcrtd @CMakeFiles\cmTC_ea2d8.dir\objects1.rsp -o cmTC_ea2d8.exe -Xlinker /implib:cmTC_ea2d8.lib -Xlinker /pdb:C:\Users\samue\Desktop\GamesDevelopment\Projects\Noble\ibuild\CMakeFiles\CMakeTmp\cmTC_ea2d8.pdb -Xlinker /version:0.0





Detecting CXX [-std=c++14] compiler features compiled with the following output:
Change Dir: C:/Users/samue/Desktop/GamesDevelopment/Projects/Noble/ibuild/CMakeFiles/CMakeTmp

Run Build Command(s):nmake /nologo cmTC_01cb3\fast && 	"C:\Program Files (x86)\Microsoft Visual Studio\2019\Community\VC\Tools\MSVC\14.24.28314\bin\HostX64\x64\nmake.exe"  -f CMakeFiles\cmTC_01cb3.dir\build.make /nologo -L                  CMakeFiles\cmTC_01cb3.dir\build
Building CXX object CMakeFiles/cmTC_01cb3.dir/feature_tests.cxx.obj
	C:\PROGRA~2\Intel\oneAPI\compiler\latest\windows\bin\CLANG_~1.EXE   -g -Xclang -gcodeview -O0 -D_DEBUG -D_DLL -D_MT -Xclang --dependent-lib=msvcrtd   -std=c++14 -o CMakeFiles\cmTC_01cb3.dir\feature_tests.cxx.obj -c C:\Users\samue\Desktop\GamesDevelopment\Projects\Noble\ibuild\CMakeFiles\feature_tests.cxx
Linking CXX executable cmTC_01cb3.exe
	C:\PROGRA~2\Intel\oneAPI\compiler\latest\windows\bin\CLANG_~1.EXE -fuse-ld=lld-link -nostartfiles -nostdlib -g -Xclang -gcodeview -O0 -D_DEBUG -D_DLL -D_MT -Xclang --dependent-lib=msvcrtd @CMakeFiles\cmTC_01cb3.dir\objects1.rsp -o cmTC_01cb3.exe -Xlinker /implib:cmTC_01cb3.lib -Xlinker /pdb:C:\Users\samue\Desktop\GamesDevelopment\Projects\Noble\ibuild\CMakeFiles\CMakeTmp\cmTC_01cb3.pdb -Xlinker /version:0.0  @CMakeFiles\cmTC_01cb3.dir\linklibs.rsp



    Feature record: CXX_FEATURE:1cxx_template_template_parameters
    Feature record: CXX_FEATURE:1cxx_alias_templates
    Feature record: CXX_FEATURE:1cxx_alignas
    Feature record: CXX_FEATURE:1cxx_alignof
    Feature record: CXX_FEATURE:1cxx_attributes
    Feature record: CXX_FEATURE:1cxx_auto_type
    Feature record: CXX_FEATURE:1cxx_constexpr
    Feature record: CXX_FEATURE:1cxx_decltype
    Feature record: CXX_FEATURE:1cxx_default_function_template_args
    Feature record: CXX_FEATURE:1cxx_defaulted_functions
    Feature record: CXX_FEATURE:1cxx_defaulted_move_initializers
    Feature record: CXX_FEATURE:1cxx_delegating_constructors
    Feature record: CXX_FEATURE:1cxx_deleted_functions
    Feature record: CXX_FEATURE:1cxx_enum_forward_declarations
    Feature record: CXX_FEATURE:1cxx_explicit_conversions
    Feature record: CXX_FEATURE:1cxx_extended_friend_declarations
    Feature record: CXX_FEATURE:1cxx_extern_templates
    Feature record: CXX_FEATURE:1cxx_final
    Feature record: CXX_FEATURE:1cxx_func_identifier
    Feature record: CXX_FEATURE:1cxx_generalized_initializers
    Feature record: CXX_FEATURE:1cxx_inheriting_constructors
    Feature record: CXX_FEATURE:1cxx_inline_namespaces
    Feature record: CXX_FEATURE:1cxx_lambdas
    Feature record: CXX_FEATURE:1cxx_local_type_template_args
    Feature record: CXX_FEATURE:1cxx_long_long_type
    Feature record: CXX_FEATURE:1cxx_noexcept
    Feature record: CXX_FEATURE:1cxx_nonstatic_member_init
    Feature record: CXX_FEATURE:1cxx_nullptr
    Feature record: CXX_FEATURE:1cxx_override
    Feature record: CXX_FEATURE:1cxx_range_for
    Feature record: CXX_FEATURE:1cxx_raw_string_literals
    Feature record: CXX_FEATURE:1cxx_reference_qualified_functions
    Feature record: CXX_FEATURE:1cxx_right_angle_brackets
    Feature record: CXX_FEATURE:1cxx_rvalue_references
    Feature record: CXX_FEATURE:1cxx_sizeof_member
    Feature record: CXX_FEATURE:1cxx_static_assert
    Feature record: CXX_FEATURE:1cxx_strong_enums
    Feature record: CXX_FEATURE:1cxx_thread_local
    Feature record: CXX_FEATURE:1cxx_trailing_return_types
    Feature record: CXX_FEATURE:1cxx_unicode_literals
    Feature record: CXX_FEATURE:1cxx_uniform_initialization
    Feature record: CXX_FEATURE:1cxx_unrestricted_unions
    Feature record: CXX_FEATURE:1cxx_user_literals
    Feature record: CXX_FEATURE:1cxx_variadic_macros
    Feature record: CXX_FEATURE:1cxx_variadic_templates
    Feature record: CXX_FEATURE:1cxx_aggregate_default_initializers
    Feature record: CXX_FEATURE:1cxx_attribute_deprecated
    Feature record: CXX_FEATURE:1cxx_binary_literals
    Feature record: CXX_FEATURE:1cxx_contextual_conversions
    Feature record: CXX_FEATURE:1cxx_decltype_auto
    Feature record: CXX_FEATURE:1cxx_digit_separators
    Feature record: CXX_FEATURE:1cxx_generic_lambdas
    Feature record: CXX_FEATURE:1cxx_lambda_init_captures
    Feature record: CXX_FEATURE:1cxx_relaxed_constexpr
    Feature record: CXX_FEATURE:1cxx_return_type_deduction
    Feature record: CXX_FEATURE:1cxx_variable_templates


Detecting CXX [-std=c++14] compiler features compiled with the following output:
Change Dir: C:/Users/samue/Desktop/GamesDevelopment/Projects/Noble/ibuild/CMakeFiles/CMakeTmp

Run Build Command(s):nmake /nologo cmTC_1b83e\fast && 	"C:\Program Files (x86)\Microsoft Visual Studio\2019\Community\VC\Tools\MSVC\14.24.28314\bin\HostX64\x64\nmake.exe"  -f CMakeFiles\cmTC_1b83e.dir\build.make /nologo -L                  CMakeFiles\cmTC_1b83e.dir\build
Building CXX object CMakeFiles/cmTC_1b83e.dir/feature_tests.cxx.obj
	C:\PROGRA~2\Intel\oneAPI\compiler\latest\windows\bin\CLANG_~1.EXE   -g -Xclang -gcodeview -O0 -D_DEBUG -D_DLL -D_MT -Xclang --dependent-lib=msvcrtd   -std=c++14 -o CMakeFiles\cmTC_1b83e.dir\feature_tests.cxx.obj -c C:\Users\samue\Desktop\GamesDevelopment\Projects\Noble\ibuild\CMakeFiles\feature_tests.cxx
Linking CXX executable cmTC_1b83e.exe
	C:\PROGRA~2\Intel\oneAPI\compiler\latest\windows\bin\CLANG_~1.EXE -fuse-ld=lld-link -nostartfiles -nostdlib -g -Xclang -gcodeview -O0 -D_DEBUG -D_DLL -D_MT -Xclang --dependent-lib=msvcrtd @CMakeFiles\cmTC_1b83e.dir\objects1.rsp -o cmTC_1b83e.exe -Xlinker /implib:cmTC_1b83e.lib -Xlinker /pdb:C:\Users\samue\Desktop\GamesDevelopment\Projects\Noble\ibuild\CMakeFiles\CMakeTmp\cmTC_1b83e.pdb -Xlinker /version:0.0  @CMakeFiles\cmTC_1b83e.dir\linklibs.rsp



    Feature record: CXX_FEATURE:1cxx_template_template_parameters
    Feature record: CXX_FEATURE:1cxx_alias_templates
    Feature record: CXX_FEATURE:1cxx_alignas
    Feature record: CXX_FEATURE:1cxx_alignof
    Feature record: CXX_FEATURE:1cxx_attributes
    Feature record: CXX_FEATURE:1cxx_auto_type
    Feature record: CXX_FEATURE:1cxx_constexpr
    Feature record: CXX_FEATURE:1cxx_decltype
    Feature record: CXX_FEATURE:1cxx_default_function_template_args
    Feature record: CXX_FEATURE:1cxx_defaulted_functions
    Feature record: CXX_FEATURE:1cxx_defaulted_move_initializers
    Feature record: CXX_FEATURE:1cxx_delegating_constructors
    Feature record: CXX_FEATURE:1cxx_deleted_functions
    Feature record: CXX_FEATURE:1cxx_enum_forward_declarations
    Feature record: CXX_FEATURE:1cxx_explicit_conversions
    Feature record: CXX_FEATURE:1cxx_extended_friend_declarations
    Feature record: CXX_FEATURE:1cxx_extern_templates
    Feature record: CXX_FEATURE:1cxx_final
    Feature record: CXX_FEATURE:1cxx_func_identifier
    Feature record: CXX_FEATURE:1cxx_generalized_initializers
    Feature record: CXX_FEATURE:1cxx_inheriting_constructors
    Feature record: CXX_FEATURE:1cxx_inline_namespaces
    Feature record: CXX_FEATURE:1cxx_lambdas
    Feature record: CXX_FEATURE:1cxx_local_type_template_args
    Feature record: CXX_FEATURE:1cxx_long_long_type
    Feature record: CXX_FEATURE:1cxx_noexcept
    Feature record: CXX_FEATURE:1cxx_nonstatic_member_init
    Feature record: CXX_FEATURE:1cxx_nullptr
    Feature record: CXX_FEATURE:1cxx_override
    Feature record: CXX_FEATURE:1cxx_range_for
    Feature record: CXX_FEATURE:1cxx_raw_string_literals
    Feature record: CXX_FEATURE:1cxx_reference_qualified_functions
    Feature record: CXX_FEATURE:1cxx_right_angle_brackets
    Feature record: CXX_FEATURE:1cxx_rvalue_references
    Feature record: CXX_FEATURE:1cxx_sizeof_member
    Feature record: CXX_FEATURE:1cxx_static_assert
    Feature record: CXX_FEATURE:1cxx_strong_enums
    Feature record: CXX_FEATURE:1cxx_thread_local
    Feature record: CXX_FEATURE:1cxx_trailing_return_types
    Feature record: CXX_FEATURE:1cxx_unicode_literals
    Feature record: CXX_FEATURE:1cxx_uniform_initialization
    Feature record: CXX_FEATURE:1cxx_unrestricted_unions
    Feature record: CXX_FEATURE:1cxx_user_literals
    Feature record: CXX_FEATURE:1cxx_variadic_macros
    Feature record: CXX_FEATURE:1cxx_variadic_templates
    Feature record: CXX_FEATURE:1cxx_aggregate_default_initializers
    Feature record: CXX_FEATURE:1cxx_attribute_deprecated
    Feature record: CXX_FEATURE:1cxx_binary_literals
    Feature record: CXX_FEATURE:1cxx_contextual_conversions
    Feature record: CXX_FEATURE:1cxx_decltype_auto
    Feature record: CXX_FEATURE:1cxx_digit_separators
    Feature record: CXX_FEATURE:1cxx_generic_lambdas
    Feature record: CXX_FEATURE:1cxx_lambda_init_captures
    Feature record: CXX_FEATURE:1cxx_relaxed_constexpr
    Feature record: CXX_FEATURE:1cxx_return_type_deduction
    Feature record: CXX_FEATURE:1cxx_variable_templates
